<?xml version="1.0" encoding="UTF-8" ?>
<testsuite errors="0" failures="0" hostname="milner.local" name="BankSysEHDesignTest" skipped="0" tests="3" time="0.657" timestamp="2015-12-15T17:58:56">
  <properties>
[...]
</properties>
  <testcase classname="BankSysEHDesignTest" name="testOnlyAccoutCanSignalAccountExceptionsToController" time="0.024" />
  <testcase classname="BankSysEHDesignTest" name="testOnlyAccountCanSignalAccountExceptions" time="0.0" />
  <testcase classname="BankSysEHDesignTest" name="testOnlyAccountCanRaiseAccountExceptions" time="0.002" />
  <system-out><![CDATA[]]></system-out>
  <system-err><![CDATA[]]></system-err>
</testsuite>
